2023-04-24 15:49:22,829 [Worker-4: Loading available Gradle versions] INFO  o.e.b.c.i.u.g.PublishedGradleVersions - Gradle version information cache is up-to-date. Trying to read.
2023-04-24 15:49:56,838 [Worker-20: Building] INFO  o.e.m.c.i.l.LifecycleMappingFactory - Using org.eclipse.m2e.jdt.JarLifecycleMapping lifecycle mapping for MavenProject: com.example:SmartConnect:0.0.1-SNAPSHOT @ C:\Users\MPH\Downloads\SmartConnect\SmartConnect\pom.xml.
2023-04-24 15:50:03,660 [Worker-20: Building] INFO  o.e.m.c.i.embedder.EclipseLogger - Using 'UTF-8' encoding to copy filtered resources.
2023-04-24 15:50:03,661 [Worker-20: Building] INFO  o.e.m.c.i.embedder.EclipseLogger - Using 'UTF-8' encoding to copy filtered properties files.
2023-04-24 15:50:03,665 [Worker-20: Building] INFO  o.e.m.c.i.embedder.EclipseLogger - Copying 1 resource
2023-04-24 15:50:03,687 [Worker-20: Building] INFO  o.e.m.c.i.embedder.EclipseLogger - Copying 0 resource
2023-04-24 15:50:03,692 [Worker-20: Building] INFO  o.e.m.c.i.embedder.EclipseLogger - Using 'UTF-8' encoding to copy filtered resources.
2023-04-24 15:50:03,692 [Worker-20: Building] INFO  o.e.m.c.i.embedder.EclipseLogger - Using 'UTF-8' encoding to copy filtered properties files.
2023-04-24 15:50:03,692 [Worker-20: Building] INFO  o.e.m.c.i.embedder.EclipseLogger - skip non existing resourceDirectory C:\Users\MPH\Downloads\SmartConnect\SmartConnect\src\test\resources
2023-04-24 15:51:04,841 [Worker-3: Importing Maven projects] INFO  o.e.m.c.i.l.LifecycleMappingFactory - Using org.eclipse.m2e.jdt.JarLifecycleMapping lifecycle mapping for MavenProject: com.example:spring-boot-Restful-API-hibernate-postgresql:0.0.1-SNAPSHOT @ C:\Users\MPH\Desktop\TASK\spring-boot-Restful-API-hibernate-postgresql\pom.xml.
2023-04-24 15:51:05,421 [Worker-3: Importing Maven projects] INFO  o.e.m.j.i.AbstractJavaProjectConfigurator - Adding source folder /spring-boot-Restful-API-hibernate-postgresql/src/main/java
2023-04-24 15:51:05,421 [Worker-3: Importing Maven projects] INFO  o.e.m.j.i.AbstractJavaProjectConfigurator - Adding resource folder /spring-boot-Restful-API-hibernate-postgresql/src/main/resources
2023-04-24 15:51:05,421 [Worker-3: Importing Maven projects] INFO  o.e.m.j.i.AbstractJavaProjectConfigurator - Adding resource folder /spring-boot-Restful-API-hibernate-postgresql/src/main/resources
2023-04-24 15:51:05,422 [Worker-3: Importing Maven projects] INFO  o.e.m.j.i.AbstractJavaProjectConfigurator - Adding source folder /spring-boot-Restful-API-hibernate-postgresql/src/test/java
2023-04-24 15:51:05,643 [Worker-3: Importing Maven projects] INFO  o.e.m.c.i.p.ProjectConfigurationManager - Imported and configured 1 project(s) in 1 sec
2023-04-24 15:51:06,418 [Worker-2: Building] INFO  o.e.m.c.i.embedder.EclipseLogger - Using 'UTF-8' encoding to copy filtered resources.
2023-04-24 15:51:06,418 [Worker-2: Building] INFO  o.e.m.c.i.embedder.EclipseLogger - Using 'UTF-8' encoding to copy filtered properties files.
2023-04-24 15:51:06,419 [Worker-2: Building] INFO  o.e.m.c.i.embedder.EclipseLogger - Copying 1 resource
2023-04-24 15:51:06,503 [Worker-2: Building] INFO  o.e.m.c.i.embedder.EclipseLogger - Copying 0 resource
2023-04-24 15:51:06,508 [Worker-2: Building] INFO  o.e.m.c.i.embedder.EclipseLogger - Using 'UTF-8' encoding to copy filtered resources.
2023-04-24 15:51:06,509 [Worker-2: Building] INFO  o.e.m.c.i.embedder.EclipseLogger - Using 'UTF-8' encoding to copy filtered properties files.
2023-04-24 15:51:06,509 [Worker-2: Building] INFO  o.e.m.c.i.embedder.EclipseLogger - skip non existing resourceDirectory C:\Users\MPH\Desktop\TASK\spring-boot-Restful-API-hibernate-postgresql\src\test\resources
2023-04-24 16:38:06,336 [Worker-9: Importing Maven projects] INFO  o.e.m.c.i.l.LifecycleMappingFactory - Using org.eclipse.m2e.jdt.JarLifecycleMapping lifecycle mapping for MavenProject: net.guides.springboot2:springboot2-postgresql-jpa-hibernate-crud-example:0.0.1-SNAPSHOT @ C:\Users\MPH\Downloads\springboot-postgresql-hibernate-crud-example-main\springboot-postgresql-hibernate-crud-example-main\pom.xml.
2023-04-24 16:38:08,176 [Worker-26: Loading available Gradle versions] INFO  o.e.b.c.i.u.g.PublishedGradleVersions - Gradle version information cache is up-to-date. Trying to read.
2023-04-24 16:38:10,479 [Worker-9: Importing Maven projects] INFO  o.e.m.j.i.AbstractJavaProjectConfigurator - Adding source folder /springboot2-postgresql-jpa-hibernate-crud-example/src/main/java
2023-04-24 16:38:10,480 [Worker-9: Importing Maven projects] INFO  o.e.m.j.i.AbstractJavaProjectConfigurator - Adding resource folder /springboot2-postgresql-jpa-hibernate-crud-example/src/main/resources
2023-04-24 16:38:10,480 [Worker-9: Importing Maven projects] INFO  o.e.m.j.i.AbstractJavaProjectConfigurator - Adding resource folder /springboot2-postgresql-jpa-hibernate-crud-example/src/main/resources
2023-04-24 16:38:10,481 [Worker-9: Importing Maven projects] INFO  o.e.m.j.i.AbstractJavaProjectConfigurator - Adding source folder /springboot2-postgresql-jpa-hibernate-crud-example/src/test/java
2023-04-24 16:38:10,720 [Worker-9: Importing Maven projects] INFO  o.e.m.c.i.p.ProjectConfigurationManager - Imported and configured 1 project(s) in 6 sec
2023-04-24 16:38:10,779 [Worker-9: Updating Maven Project] INFO  o.e.m.c.i.p.ProjectConfigurationManager - Update started
2023-04-24 16:38:10,954 [Worker-9: Updating Maven Project] INFO  o.e.m.c.i.l.LifecycleMappingFactory - Using org.eclipse.m2e.jdt.JarLifecycleMapping lifecycle mapping for MavenProject: net.guides.springboot2:springboot2-postgresql-jpa-hibernate-crud-example:0.0.1-SNAPSHOT @ C:\Users\MPH\Downloads\springboot-postgresql-hibernate-crud-example-main\springboot-postgresql-hibernate-crud-example-main\pom.xml.
2023-04-24 16:38:11,444 [Worker-9: Updating Maven Project] INFO  o.e.m.j.i.AbstractJavaProjectConfigurator - Adding source folder /springboot2-postgresql-jpa-hibernate-crud-example/src/main/java
2023-04-24 16:38:11,445 [Worker-9: Updating Maven Project] INFO  o.e.m.j.i.AbstractJavaProjectConfigurator - Adding resource folder /springboot2-postgresql-jpa-hibernate-crud-example/src/main/resources
2023-04-24 16:38:11,445 [Worker-9: Updating Maven Project] INFO  o.e.m.j.i.AbstractJavaProjectConfigurator - Adding resource folder /springboot2-postgresql-jpa-hibernate-crud-example/src/main/resources
2023-04-24 16:38:11,446 [Worker-9: Updating Maven Project] INFO  o.e.m.j.i.AbstractJavaProjectConfigurator - Adding source folder /springboot2-postgresql-jpa-hibernate-crud-example/src/test/java
2023-04-24 16:38:11,801 [Worker-9: Updating Maven Project] INFO  o.e.m.c.i.p.ProjectConfigurationManager - Update completed for 1 poms: local refresh takes 0.00 sec, refresh facades takes 0.00 sec, update config takes 0.00 sec 
2023-04-24 16:38:12,441 [Worker-28: Building] INFO  o.e.m.c.i.embedder.EclipseLogger - Using 'UTF-8' encoding to copy filtered resources.
2023-04-24 16:38:12,446 [Worker-28: Building] INFO  o.e.m.c.i.embedder.EclipseLogger - Copying 1 resource
2023-04-24 16:38:12,470 [Worker-28: Building] INFO  o.e.m.c.i.embedder.EclipseLogger - Copying 0 resource
2023-04-24 16:38:12,474 [Worker-28: Building] INFO  o.e.m.c.i.embedder.EclipseLogger - Using 'UTF-8' encoding to copy filtered resources.
2023-04-24 16:38:12,474 [Worker-28: Building] INFO  o.e.m.c.i.embedder.EclipseLogger - skip non existing resourceDirectory C:\Users\MPH\Downloads\springboot-postgresql-hibernate-crud-example-main\springboot-postgresql-hibernate-crud-example-main\src\test\resources
